C:\test\test\TokenAuthWebApiCore.Client\app\home\home.component.js
C:\test\test\TokenAuthWebApiCore.Client\app\home\home.component.js.map
C:\test\test\TokenAuthWebApiCore.Client\app\page-not-found.component.js
C:\test\test\TokenAuthWebApiCore.Client\app\page-not-found.component.js.map
C:\test\test\TokenAuthWebApiCore.Client\app\shared\common.service.js
C:\test\test\TokenAuthWebApiCore.Client\app\shared\common.service.js.map
C:\test\test\TokenAuthWebApiCore.Client\app\common\headers.js
C:\test\test\TokenAuthWebApiCore.Client\app\common\headers.js.map
C:\test\test\TokenAuthWebApiCore.Client\app\user\user.model.js
C:\test\test\TokenAuthWebApiCore.Client\app\user\user.model.js.map
C:\test\test\TokenAuthWebApiCore.Client\app\login\login.component.js
C:\test\test\TokenAuthWebApiCore.Client\app\login\login.component.js.map
C:\test\test\TokenAuthWebApiCore.Client\app\signup\signup.component.js
C:\test\test\TokenAuthWebApiCore.Client\app\signup\signup.component.js.map
C:\test\test\TokenAuthWebApiCore.Client\app\shared\shared.module.js
C:\test\test\TokenAuthWebApiCore.Client\app\shared\shared.module.js.map
C:\test\test\TokenAuthWebApiCore.Client\app\user\user.module.js
C:\test\test\TokenAuthWebApiCore.Client\app\user\user.module.js.map
C:\test\test\TokenAuthWebApiCore.Client\app\user\index.js
C:\test\test\TokenAuthWebApiCore.Client\app\user\index.js.map
C:\test\test\TokenAuthWebApiCore.Client\app\user\user.profile.js
C:\test\test\TokenAuthWebApiCore.Client\app\user\user.profile.js.map
C:\test\test\TokenAuthWebApiCore.Client\app\user\user.service.js
C:\test\test\TokenAuthWebApiCore.Client\app\user\user.service.js.map
C:\test\test\TokenAuthWebApiCore.Client\app\common\auth.guard.js
C:\test\test\TokenAuthWebApiCore.Client\app\common\auth.guard.js.map
C:\test\test\TokenAuthWebApiCore.Client\app\app-routing.module.js
C:\test\test\TokenAuthWebApiCore.Client\app\app-routing.module.js.map
C:\test\test\TokenAuthWebApiCore.Client\app\app.component.js
C:\test\test\TokenAuthWebApiCore.Client\app\app.component.js.map
C:\test\test\TokenAuthWebApiCore.Client\app\app.module.js
C:\test\test\TokenAuthWebApiCore.Client\app\app.module.js.map
C:\test\test\TokenAuthWebApiCore.Client\app\main.js
C:\test\test\TokenAuthWebApiCore.Client\app\main.js.map
C:\test\test\TokenAuthWebApiCore.Client\app\user\auth-guard.service.js
C:\test\test\TokenAuthWebApiCore.Client\app\user\auth-guard.service.js.map
C:\test\test\TokenAuthWebApiCore.Client\app\user\user.js
C:\test\test\TokenAuthWebApiCore.Client\app\user\user.js.map
C:\test\test\TokenAuthWebApiCore.Client\app\signup\index.js
C:\test\test\TokenAuthWebApiCore.Client\app\signup\index.js.map
C:\test\test\TokenAuthWebApiCore.Client\app\products\product.model.js
C:\test\test\TokenAuthWebApiCore.Client\app\products\product.model.js.map
C:\test\test\TokenAuthWebApiCore.Client\app\products\product.service.js
C:\test\test\TokenAuthWebApiCore.Client\app\products\product.service.js.map
C:\test\test\TokenAuthWebApiCore.Client\app\products\product-list.component.js
C:\test\test\TokenAuthWebApiCore.Client\app\products\product-list.component.js.map
C:\test\test\TokenAuthWebApiCore.Client\app\products\product.module.js
C:\test\test\TokenAuthWebApiCore.Client\app\products\product.module.js.map
C:\test\test\TokenAuthWebApiCore.Client\app\products\index.js
C:\test\test\TokenAuthWebApiCore.Client\app\products\index.js.map
C:\test\test\TokenAuthWebApiCore.Client\app\login\index.js
C:\test\test\TokenAuthWebApiCore.Client\app\login\index.js.map
